<?xml version="1.0" encoding="UTF-8"?>
<testsuite xmlns:xsi="http://www.w3.org/2001/XMLSchema-instance" xsi:schemaLocation="https://maven.apache.org/surefire/maven-surefire-plugin/xsd/surefire-test-report.xsd" name="TestSuite" time="120.653" tests="8" errors="0" skipped="0" failures="0">
  <properties>
[...]
</properties>
  <testcase name="HoodieCheckout" classname="tests.GoToCheckoutTest" time="16.544"/>
  <testcase name="ShoesCheckout" classname="tests.GoToCheckoutTest" time="14.967"/>
  <testcase name="RegisterWithEmail" classname="tests.RegisterTest" time="12.485"/>
  <testcase name="RegisterWithGmail" classname="tests.RegisterTest" time="19.281"/>
  <testcase name="ChangeCountryAndCurrency" classname="tests.PagePreferencesTest" time="11.321"/>
  <testcase name="checkIfShoesAdded" classname="tests.SavingProductTest" time="9.818"/>
  <testcase name="removeShoesFromFavorites" classname="tests.SavingProductTest" time="17.545"/>
  <testcase name="saveShoes" classname="tests.SavingProductTest" time="7.776"/>
</testsuite>