<?xml version="1.0" encoding="UTF-8"?>
<!-- Generated by org.testng.reporters.JUnitXMLReporter -->
<testsuite ignored="0" hostname="Zvonimirs-MBP" failures="0" tests="8" name="Asos web page tests" time="119.511" errors="0" timestamp="05 Feb 2020 12:21:39 GMT">
  <testcase classname="tests.GoToCheckoutTest" name="HoodieCheckout" time="16.542"/>
  <testcase classname="tests.GoToCheckoutTest" name="ShoesCheckout" time="14.967"/>
  <testcase classname="tests.RegisterTest" name="RegisterWithEmail" time="12.485"/>
  <testcase classname="tests.RegisterTest" name="RegisterWithGmail" time="19.283"/>
  <testcase classname="tests.PagePreferencesTest" name="ChangeCountryAndCurrency" time="11.321"/>
  <testcase classname="tests.SavingProductTest" name="checkIfShoesAdded" time="9.818"/>
  <testcase classname="tests.SavingProductTest" name="removeShoesFromFavorites" time="17.544"/>
  <testcase classname="tests.SavingProductTest" name="saveShoes" time="7.777"/>
</testsuite> <!-- Asos web page tests -->
